[0m11:52:09.253095 [debug] [MainThread]: Sending event: {'category': 'dbt', 'action': 'invocation', 'label': 'start', 'context': [<snowplow_tracker.self_describing_json.SelfDescribingJson object at 0x00000203FF648440>, <snowplow_tracker.self_describing_json.SelfDescribingJson object at 0x00000203812D3FB0>, <snowplow_tracker.self_describing_json.SelfDescribingJson object at 0x00000203FCEA2D20>]}


============================== 11:52:09.298841 | 50fb0653-e2b8-4951-8a1d-87ac499dcc32 ==============================
[0m11:52:09.298841 [info ] [MainThread]: Running with dbt=1.11.11
[0m11:52:09.301423 [debug] [MainThread]: running dbt with arguments {'static_parser': 'True', 'no_print': 'None', 'version_check': 'True', 'target_path': 'None', 'warn_error_options': 'WarnErrorOptionsV2(error=[], warn=[], silence=[])', 'printer_width': '80', 'write_json': 'True', 'introspect': 'True', 'log_cache_events': 'False', 'empty': 'None', 'cache_selected_only': 'False', 'fail_fast': 'False', 'debug': 'False', 'log_format': 'default', 'partial_parse': 'True', 'send_anonymous_usage_stats': 'True', 'quiet': 'False', 'warn_error': 'None', 'profiles_dir': 'C:\\Users\\KireetiChennuru\\.dbt', 'invocation_command': 'dbt init', 'indirect_selection': 'eager', 'use_colors': 'True', 'use_experimental_parser': 'False', 'log_path': 'logs'}
[0m11:52:36.278953 [debug] [MainThread]: Starter project path: C:\dbt_lng\dbt-dagster-branched-pipeline\.venv\Lib\site-packages\dbt\include\starter_project
[0m11:52:36.304511 [info ] [MainThread]:
Your new dbt project "dbt_dagster_pipeline" was created!

For more information on how to configure the profiles.yml file,
please consult the dbt documentation here:

  https://docs.getdbt.com/docs/configure-your-profile

One more thing:

Need help? Don't hesitate to reach out to us via GitHub issues or on Slack:

  https://community.getdbt.com/

Happy modeling!

[0m11:52:36.305512 [info ] [MainThread]: Setting up your profile.
[0m11:55:07.256044 [info ] [MainThread]: Profile dbt_dagster_pipeline written to C:\Users\KireetiChennuru\.dbt\profiles.yml using target's profile_template.yml and your supplied values. Run 'dbt debug' to validate the connection.
[0m11:55:07.259041 [debug] [MainThread]: Command `dbt init` succeeded at 11:55:07.259041 after 178.19 seconds
[0m11:55:07.260041 [debug] [MainThread]: Sending event: {'category': 'dbt', 'action': 'invocation', 'label': 'end', 'context': [<snowplow_tracker.self_describing_json.SelfDescribingJson object at 0x00000203AF7932F0>, <snowplow_tracker.self_describing_json.SelfDescribingJson object at 0x0000020381006030>, <snowplow_tracker.self_describing_json.SelfDescribingJson object at 0x00000203FFC730E0>]}
[0m11:55:07.261041 [debug] [MainThread]: Flushing usage events
[0m11:55:09.098774 [debug] [MainThread]: An error was encountered while trying to flush usage events
[0m14:33:44.311416 [debug] [MainThread]: Sending event: {'category': 'dbt', 'action': 'invocation', 'label': 'start', 'context': [<snowplow_tracker.self_describing_json.SelfDescribingJson object at 0x00000198993BB890>, <snowplow_tracker.self_describing_json.SelfDescribingJson object at 0x000001989B6A6FC0>, <snowplow_tracker.self_describing_json.SelfDescribingJson object at 0x000001989B6A6210>]}


============================== 14:33:44.322437 | 9ca64999-8946-4a1e-a710-6cda89ab480f ==============================
[0m14:33:44.322437 [info ] [MainThread]: Running with dbt=1.11.11
[0m14:33:44.324436 [debug] [MainThread]: running dbt with arguments {'version_check': 'True', 'no_print': 'None', 'static_parser': 'True', 'warn_error_options': 'WarnErrorOptionsV2(error=[], warn=[], silence=[])', 'target_path': 'None', 'printer_width': '80', 'write_json': 'True', 'introspect': 'True', 'log_cache_events': 'False', 'empty': 'None', 'cache_selected_only': 'False', 'log_format': 'default', 'debug': 'False', 'fail_fast': 'False', 'profiles_dir': 'C:\\Users\\KireetiChennuru\\.dbt', 'send_anonymous_usage_stats': 'True', 'quiet': 'False', 'warn_error': 'None', 'partial_parse': 'True', 'indirect_selection': 'eager', 'invocation_command': 'dbt docs generate', 'use_colors': 'True', 'use_experimental_parser': 'False', 'log_path': 'logs'}
[0m14:33:44.325437 [error] [MainThread]: Encountered an error:
Runtime Error
  No dbt_project.yml found at expected path C:\dbt_lng\dbt-dagster-branched-pipeline\dbt_project.yml
  Verify that each entry within packages.yml (and their transitive dependencies) contains a file named dbt_project.yml

[0m14:33:44.327436 [debug] [MainThread]: Command `dbt docs generate` failed at 14:33:44.327436 after 0.27 seconds
[0m14:33:44.328444 [debug] [MainThread]: Sending event: {'category': 'dbt', 'action': 'invocation', 'label': 'end', 'context': [<snowplow_tracker.self_describing_json.SelfDescribingJson object at 0x000001989C74B0B0>, <snowplow_tracker.self_describing_json.SelfDescribingJson object at 0x000001989B6A6210>, <snowplow_tracker.self_describing_json.SelfDescribingJson object at 0x000001989B6A6FC0>]}
[0m14:33:44.329439 [debug] [MainThread]: Flushing usage events
[0m14:33:45.957712 [debug] [MainThread]: An error was encountered while trying to flush usage events
[0m18:53:36.862514 [debug] [MainThread]: Sending event: {'category': 'dbt', 'action': 'invocation', 'label': 'start', 'context': [<snowplow_tracker.self_describing_json.SelfDescribingJson object at 0x000002A2919157F0>, <snowplow_tracker.self_describing_json.SelfDescribingJson object at 0x000002A2948FEFC0>, <snowplow_tracker.self_describing_json.SelfDescribingJson object at 0x000002A2948FDCD0>]}


============================== 18:53:36.868514 | 3e91d334-cd38-40ec-ab9b-135055649b2e ==============================
[0m18:53:36.868514 [info ] [MainThread]: Running with dbt=1.11.11
[0m18:53:36.869517 [debug] [MainThread]: running dbt with arguments {'version_check': 'True', 'no_print': 'None', 'static_parser': 'True', 'warn_error_options': 'WarnErrorOptionsV2(error=[], warn=[], silence=[])', 'target_path': 'None', 'printer_width': '80', 'write_json': 'True', 'empty': 'None', 'log_cache_events': 'False', 'introspect': 'True', 'cache_selected_only': 'False', 'fail_fast': 'False', 'debug': 'False', 'log_format': 'default', 'partial_parse': 'True', 'send_anonymous_usage_stats': 'True', 'quiet': 'False', 'warn_error': 'None', 'profiles_dir': 'C:\\dbt_lng\\dbt-dagster-branched-pipeline\\dbt_dagster_pipeline', 'use_colors': 'True', 'invocation_command': 'dbt ls --resource-type model', 'indirect_selection': 'eager', 'use_experimental_parser': 'False', 'log_path': 'logs'}
[0m18:53:36.869517 [error] [MainThread]: Encountered an error:
Runtime Error
  No dbt_project.yml found at expected path C:\dbt_lng\dbt-dagster-branched-pipeline\dbt_project.yml
  Verify that each entry within packages.yml (and their transitive dependencies) contains a file named dbt_project.yml

[0m18:53:36.871024 [debug] [MainThread]: Command `dbt ls` failed at 18:53:36.871024 after 0.22 seconds
[0m18:53:36.872032 [debug] [MainThread]: Sending event: {'category': 'dbt', 'action': 'invocation', 'label': 'end', 'context': [<snowplow_tracker.self_describing_json.SelfDescribingJson object at 0x000002A294941A00>, <snowplow_tracker.self_describing_json.SelfDescribingJson object at 0x000002A294940EF0>, <snowplow_tracker.self_describing_json.SelfDescribingJson object at 0x000002A29349CEC0>]}
[0m18:53:36.872032 [debug] [MainThread]: Flushing usage events
[0m18:53:38.379464 [debug] [MainThread]: An error was encountered while trying to flush usage events
[0m18:58:09.737337 [debug] [MainThread]: Sending event: {'category': 'dbt', 'action': 'invocation', 'label': 'start', 'context': [<snowplow_tracker.self_describing_json.SelfDescribingJson object at 0x00000202D5BCD0D0>, <snowplow_tracker.self_describing_json.SelfDescribingJson object at 0x00000202D59781A0>, <snowplow_tracker.self_describing_json.SelfDescribingJson object at 0x00000202D62B0740>]}


============================== 18:58:09.741339 | a3b6e316-da0c-4291-b88b-fe61b3b8e9c8 ==============================
[0m18:58:09.741339 [info ] [MainThread]: Running with dbt=1.11.11
[0m18:58:09.742337 [debug] [MainThread]: running dbt with arguments {'static_parser': 'True', 'no_print': 'None', 'version_check': 'True', 'warn_error_options': 'WarnErrorOptionsV2(error=[], warn=[], silence=[])', 'target_path': 'None', 'printer_width': '80', 'write_json': 'True', 'empty': 'None', 'log_cache_events': 'False', 'introspect': 'True', 'cache_selected_only': 'False', 'fail_fast': 'False', 'debug': 'False', 'log_format': 'default', 'partial_parse': 'True', 'send_anonymous_usage_stats': 'True', 'quiet': 'False', 'warn_error': 'None', 'profiles_dir': 'C:\\dbt_lng\\dbt-dagster-branched-pipeline\\dbt_dagster_pipeline', 'use_colors': 'True', 'indirect_selection': 'eager', 'invocation_command': 'dbt docs generate', 'use_experimental_parser': 'False', 'log_path': 'logs'}
[0m18:58:09.743361 [error] [MainThread]: Encountered an error:
Runtime Error
  No dbt_project.yml found at expected path C:\dbt_lng\dbt-dagster-branched-pipeline\dbt_project.yml
  Verify that each entry within packages.yml (and their transitive dependencies) contains a file named dbt_project.yml

[0m18:58:09.744345 [debug] [MainThread]: Command `dbt docs generate` failed at 18:58:09.744345 after 0.15 seconds
[0m18:58:09.745344 [debug] [MainThread]: Sending event: {'category': 'dbt', 'action': 'invocation', 'label': 'end', 'context': [<snowplow_tracker.self_describing_json.SelfDescribingJson object at 0x00000202D60C47D0>, <snowplow_tracker.self_describing_json.SelfDescribingJson object at 0x00000202D7ECB260>, <snowplow_tracker.self_describing_json.SelfDescribingJson object at 0x00000202D2D7F3B0>]}
[0m18:58:09.745344 [debug] [MainThread]: Flushing usage events
[0m18:58:11.206351 [debug] [MainThread]: An error was encountered while trying to flush usage events
[0m21:23:58.582257 [debug] [MainThread]: Sending event: {'category': 'dbt', 'action': 'invocation', 'label': 'start', 'context': [<snowplow_tracker.self_describing_json.SelfDescribingJson object at 0x000002AC976873E0>, <snowplow_tracker.self_describing_json.SelfDescribingJson object at 0x000002AC96D503E0>, <snowplow_tracker.self_describing_json.SelfDescribingJson object at 0x000002AC9AF30A70>]}


============================== 21:23:58.590262 | c1ca4e01-7e0c-47f6-884f-d01d04622ea7 ==============================
[0m21:23:58.590262 [info ] [MainThread]: Running with dbt=1.11.11
[0m21:23:58.592261 [debug] [MainThread]: running dbt with arguments {'version_check': 'True', 'no_print': 'None', 'static_parser': 'True', 'warn_error_options': 'WarnErrorOptionsV2(error=[], warn=[], silence=[])', 'target_path': 'None', 'printer_width': '80', 'write_json': 'True', 'empty': 'None', 'log_cache_events': 'False', 'introspect': 'True', 'cache_selected_only': 'False', 'fail_fast': 'False', 'debug': 'False', 'log_format': 'default', 'profiles_dir': 'C:\\dbt_lng\\dbt-dagster-branched-pipeline\\dbt_dagster_pipeline', 'send_anonymous_usage_stats': 'True', 'quiet': 'False', 'warn_error': 'None', 'partial_parse': 'True', 'invocation_command': 'dbt debug --target ci', 'use_colors': 'True', 'indirect_selection': 'eager', 'use_experimental_parser': 'False', 'log_path': 'logs'}
[0m21:23:58.631080 [info ] [MainThread]: dbt version: 1.11.11
[0m21:23:58.632079 [info ] [MainThread]: python version: 3.12.4
[0m21:23:58.633078 [info ] [MainThread]: python path: C:\dbt_lng\dbt-dagster-branched-pipeline\.venv\Scripts\python.exe
[0m21:23:58.634079 [info ] [MainThread]: os info: Windows-11-10.0.26200-SP0
[0m21:23:59.767111 [info ] [MainThread]: Using profiles dir at C:\dbt_lng\dbt-dagster-branched-pipeline\dbt_dagster_pipeline
[0m21:23:59.768119 [info ] [MainThread]: Using profiles.yml file at C:\dbt_lng\dbt-dagster-branched-pipeline\dbt_dagster_pipeline\profiles.yml
[0m21:23:59.769119 [info ] [MainThread]: Using dbt_project.yml file at C:\dbt_lng\dbt-dagster-branched-pipeline\dbt_project.yml
[0m21:23:59.769119 [info ] [MainThread]: adapter type: bigquery
[0m21:23:59.770119 [info ] [MainThread]: adapter version: 1.11.2
[0m21:23:59.771118 [info ] [MainThread]: Configuration:
[0m21:23:59.771118 [info ] [MainThread]:   profiles.yml file [[32mOK found and valid[0m]
[0m21:23:59.772118 [info ] [MainThread]:   dbt_project.yml file [[31mERROR not found[0m]
[0m21:23:59.773119 [info ] [MainThread]: Required dependencies:
[0m21:23:59.773119 [debug] [MainThread]: Executing "git --help"
[0m21:23:59.866080 [debug] [MainThread]: STDOUT: "b"usage: git [-v | --version] [-h | --help] [-C <path>] [-c <name>=<value>]\n           [--exec-path[=<path>]] [--html-path] [--man-path] [--info-path]\n           [-p | --paginate | -P | --no-pager] [--no-replace-objects] [--no-lazy-fetch]\n           [--no-optional-locks] [--no-advice] [--bare] [--git-dir=<path>]\n           [--work-tree=<path>] [--namespace=<name>] [--config-env=<name>=<envvar>]\n           <command> [<args>]\n\nThese are common Git commands used in various situations:\n\nstart a working area (see also: git help tutorial)\n   clone      Clone a repository into a new directory\n   init       Create an empty Git repository or reinitialize an existing one\n\nwork on the current change (see also: git help everyday)\n   add        Add file contents to the index\n   mv         Move or rename a file, a directory, or a symlink\n   restore    Restore working tree files\n   rm         Remove files from the working tree and from the index\n\nexamine the history and state (see also: git help revisions)\n   bisect     Use binary search to find the commit that introduced a bug\n   diff       Show changes between commits, commit and working tree, etc\n   grep       Print lines matching a pattern\n   log        Show commit logs\n   show       Show various types of objects\n   status     Show the working tree status\n\ngrow, mark and tweak your common history\n   backfill   Download missing objects in a partial clone\n   branch     List, create, or delete branches\n   commit     Record changes to the repository\n   merge      Join two or more development histories together\n   rebase     Reapply commits on top of another base tip\n   reset      Reset current HEAD to the specified state\n   switch     Switch branches\n   tag        Create, list, delete or verify tags\n\ncollaborate (see also: git help workflows)\n   fetch      Download objects and refs from another repository\n   pull       Fetch from and integrate with another repository or a local branch\n   push       Update remote refs along with associated objects\n\n'git help -a' and 'git help -g' list available subcommands and some\nconcept guides. See 'git help <command>' or 'git help <concept>'\nto read about a specific subcommand or concept.\nSee 'git help git' for an overview of the system.\n""
[0m21:23:59.867080 [debug] [MainThread]: STDERR: "b''"
[0m21:23:59.868088 [info ] [MainThread]:  - git [[32mOK found[0m]

[0m21:23:59.868088 [info ] [MainThread]: Connection:
[0m21:23:59.869092 [info ] [MainThread]:   method: service-account
[0m21:23:59.869092 [info ] [MainThread]:   database: lng-geo-play
[0m21:23:59.870083 [info ] [MainThread]:   execution_project: lng-geo-play
[0m21:23:59.870083 [info ] [MainThread]:   schema: test_marts
[0m21:23:59.871091 [info ] [MainThread]:   location: US
[0m21:23:59.871091 [info ] [MainThread]:   priority: interactive
[0m21:23:59.872081 [info ] [MainThread]:   maximum_bytes_billed: None
[0m21:23:59.872081 [info ] [MainThread]:   impersonate_service_account: None
[0m21:23:59.873081 [info ] [MainThread]:   job_retry_deadline_seconds: None
[0m21:23:59.873081 [info ] [MainThread]:   job_retries: 1
[0m21:23:59.874081 [info ] [MainThread]:   job_creation_timeout_seconds: None
[0m21:23:59.875082 [info ] [MainThread]:   job_execution_timeout_seconds: 300
[0m21:23:59.875082 [info ] [MainThread]:   timeout_seconds: 300
[0m21:23:59.876082 [info ] [MainThread]:   client_id: None
[0m21:23:59.876082 [info ] [MainThread]:   token_uri: None
[0m21:23:59.877082 [info ] [MainThread]:   compute_region: None
[0m21:23:59.877082 [info ] [MainThread]:   dataproc_cluster_name: None
[0m21:23:59.878083 [info ] [MainThread]:   gcs_bucket: None
[0m21:23:59.879083 [info ] [MainThread]:   dataproc_batch: None
[0m21:23:59.879083 [info ] [MainThread]: Registered adapter: bigquery=1.11.2
[0m21:24:00.633932 [debug] [MainThread]: Acquiring new bigquery connection 'debug'
[0m21:24:00.634939 [debug] [MainThread]: On debug: select 1 as id
[0m21:24:00.635938 [debug] [MainThread]: Opening a new connection, currently in state init
[0m21:24:02.791253 [debug] [MainThread]: BigQuery adapter: https://console.cloud.google.com/bigquery?project=lng-geo-play&j=bq:US:bb639a13-8fd0-4553-9329-8858e57ea6cd&page=queryresults
[0m21:24:03.278796 [debug] [MainThread]: SQL status: OK in 0.487 seconds
[0m21:24:03.910853 [info ] [MainThread]:   Connection test: [[32mOK connection ok[0m]

[0m21:24:03.911861 [info ] [MainThread]: [31m1 check failed:[0m
[0m21:24:03.912860 [info ] [MainThread]: Project loading failed for the following reason:
 project path <C:\dbt_lng\dbt-dagster-branched-pipeline\dbt_project.yml> not found

[0m21:24:03.913860 [debug] [MainThread]: Command `dbt debug` failed at 21:24:03.913860 after 5.56 seconds
[0m21:24:03.914859 [debug] [MainThread]: Connection 'debug' was properly closed.
[0m21:24:03.915371 [debug] [MainThread]: Sending event: {'category': 'dbt', 'action': 'invocation', 'label': 'end', 'context': [<snowplow_tracker.self_describing_json.SelfDescribingJson object at 0x000002AC9ACCF7D0>, <snowplow_tracker.self_describing_json.SelfDescribingJson object at 0x000002ACC8F2F230>, <snowplow_tracker.self_describing_json.SelfDescribingJson object at 0x000002AC9AC42090>]}
[0m21:24:03.916379 [debug] [MainThread]: Flushing usage events
[0m21:24:05.716670 [debug] [MainThread]: An error was encountered while trying to flush usage events
